2025-09-04 14:41:06,426 - logger - INFO - 1
2025-09-04 14:50:37,606 - logger - INFO - 初始拟合标签编码：
2025-09-04 14:50:37,616 - logger - INFO - [1 1 1 ... 0 0 0]
2025-09-04 14:50:55,857 - logger - INFO - 初始拟合标签编码：
2025-09-04 14:50:55,858 - logger - INFO - ['很快，好吃，味道足，量大' '没有送水没有送水没有送水' '非常快，态度好。' ... '凉皮太辣,吃不下都' '本来迟到了还自己点！！！'
 '肉夹馍不错，羊肉泡馍酱肉包很一般。凉面没想象中好吃。送餐倒是很快。']
2025-09-04 14:52:14,289 - logger - INFO - 初始拟合标签编码：
2025-09-04 14:56:28,670 - logger - INFO - 初始拟合标签编码：
2025-09-04 14:56:28,671 - logger - INFO - ['很快，好吃，味道足，量大' '没有送水没有送水没有送水' '非常快，态度好。' ... '凉皮太辣,吃不下都' '本来迟到了还自己点！！！'
 '肉夹馍不错，羊肉泡馍酱肉包很一般。凉面没想象中好吃。送餐倒是很快。']
2025-09-04 15:16:39,035 - logger - INFO - 初始拟合标签编码：
2025-09-04 15:16:39,035 - logger - INFO - ['很快，好吃，味道足，量大' '没有送水没有送水没有送水' '非常快，态度好。' ... '凉皮太辣,吃不下都' '本来迟到了还自己点！！！'
 '肉夹馍不错，羊肉泡馍酱肉包很一般。凉面没想象中好吃。送餐倒是很快。']
2025-09-04 15:20:35,478 - logger - INFO - 初始拟合标签编码：
2025-09-04 15:20:35,478 - logger - INFO - ['很快，好吃，味道足，量大' '没有送水没有送水没有送水' '非常快，态度好。' ... '凉皮太辣,吃不下都' '本来迟到了还自己点！！！'
 '肉夹馍不错，羊肉泡馍酱肉包很一般。凉面没想象中好吃。送餐倒是很快。']
2025-09-04 15:26:47,016 - logger - INFO - 初始拟合标签编码：
2025-09-04 15:26:47,017 - logger - INFO - ['很快，好吃，味道足，量大' '没有送水没有送水没有送水' '非常快，态度好。' ... '凉皮太辣,吃不下都' '本来迟到了还自己点！！！'
 '肉夹馍不错，羊肉泡馍酱肉包很一般。凉面没想象中好吃。送餐倒是很快。']
2025-09-04 15:27:20,796 - logger - INFO - 初始拟合标签编码：
2025-09-04 15:27:20,797 - logger - INFO - ['很快，好吃，味道足，量大' '没有送水没有送水没有送水' '非常快，态度好。' ... '凉皮太辣,吃不下都' '本来迟到了还自己点！！！'
 '肉夹馍不错，羊肉泡馍酱肉包很一般。凉面没想象中好吃。送餐倒是很快。']
2025-09-04 15:44:34,923 - logger - INFO - 初始拟合标签编码：
2025-09-04 15:44:34,923 - logger - INFO - ['很快，好吃，味道足，量大' '没有送水没有送水没有送水' '非常快，态度好。' ... '凉皮太辣,吃不下都' '本来迟到了还自己点！！！'
 '肉夹馍不错，羊肉泡馍酱肉包很一般。凉面没想象中好吃。送餐倒是很快。']
2025-09-04 16:34:47,796 - logger - INFO - 初始拟合标签编码：
2025-09-04 16:34:47,797 - logger - INFO - ['很快，好吃，味道足，量大' '没有送水没有送水没有送水' '非常快，态度好。' ... '凉皮太辣,吃不下都' '本来迟到了还自己点！！！'
 '肉夹馍不错，羊肉泡馍酱肉包很一般。凉面没想象中好吃。送餐倒是很快。']
2025-09-04 16:49:19,931 - logger - INFO - 初始拟合标签编码：
2025-09-04 16:49:19,931 - logger - INFO - ['很快，好吃，味道足，量大' '没有送水没有送水没有送水' '非常快，态度好。' ... '凉皮太辣,吃不下都' '本来迟到了还自己点！！！'
 '肉夹馍不错，羊肉泡馍酱肉包很一般。凉面没想象中好吃。送餐倒是很快。']
2025-09-04 16:55:18,947 - logger - INFO - 初始拟合标签编码：
2025-09-04 16:55:18,947 - logger - INFO - [1 1 1 ... 0 0 0]
